Abby Tan
2276413
tan177@mail.chapman.edu
CPSC350-02
Assignment 1

SUM: 19

MEAN: 3.8

LETTER PROBABILITIES:
A: 26.3158%. C: 10.5263%. T: 26.3158%. G: 36.8421%.

BIGRAM PROBABILITIES:
AA: 0%. AC: 0%. AT: 0%. AG: 21.4286%.
CA: 0%. CC: 0%. CT: 7.14286%. CG: 7.14286%.
TA: 14.2857%. TC: 14.2857%. TT: 0%. TG: 7.14286%.
GA: 7.14286%. GC: 0%. GT: 21.4286%. GG: 0%.

VARIANCE: 2.7

STANDARD DEVIATION: 1.64317

1000 DNA STRINGS:
GTTTTG
GCTA
GAAC
TGAG
GGTAG
TGATG
AGTGTC
GGTA
GC
AG
ATGAG
AAAGTGTG
TTTTG
ACGT
TTA
ACT
T
TTGATTGA
AAGC
TTGAG
GACG
AGTTTG
CAGGAAT
GATTCT
CGTCTC
GGGTGT
TGCTC
AGA
TACG
ATAT
AATAGA
GTTCTA
AAG
ACAG
GGA
CCAAT
TAGGT
GGTG
GGGT
TAG
ATTA
CTAATGAG
AATGGT
GTGG
ATGTT
GTGG
A
AGATG
GTGCTTGG
TATTGC
CGGC
TGAGT
TGTGCAT
TTAGGG
TTGTGG
TGAG
TGGA
TAGGGGG
ATCG
TACGT
TACGGAA
TCGTATTG
CT
CGG
AGGT
TTCTG
AGTATAG
AAG
GTAT
TCTTG
AGAAAA
TGAC
TT
AGAGGAA
G
TAGT
GAGC
TTGAA
AACGGCGG
GGAG
CATTA
ATCG
GGTG
TCCT
CGACAGG
AA
CTAAATA
GGTTGG
GTGGGAG
ATCTT
GGACGG
TGCTT
AGT

GGATA
GTGTGA
CC
TTCGATGGT
CGAT
GTGTAT
GTTCT
AGGACT
GAAGA
CTTAAG
GGGTG
GTGGGAA
GGATAG
TAT
ATGGCC
TGAC
TTTT
GGAGT
TATTCA
TTAAG
AAGGT
GTAT
GAGT
GTT
GGGGGG
GGGAAAG
TAGTC
TAAATC

TGTTACTG
GTA
CGTGGTAG
CGT
TCGAG
CGGG
AGCT
ATCC
GTGCCT
TGT
GA
GGGG
TGCA
C
GTG
TGGTAA
CTTCATA
GGG
GAGAG
GTTGAA
ATTTA
TGGC
CTT
AATC
GCA
GGTT
GCTCCC
GGTCGG
TGGGTG
C
GCGG
ACTTGTT
GGGAT
CATAAGT
CTAG
AGTGG
TGGC
GGGAAT
TGCG
GAAG
TGTTAA
TAGCA
ATG
GGGATT
TT
TATTAA
AAG
TACAGAGT
GTATG
AAAGGC
GGCGG
AGT
TAGTAT
CCT
GA
GTATGGT
TGGA
TGGT
GTT
AAGTA
AAGAT
GGAA
TAA
TGGA
ATT
ATGA
GATGGGG
TTCTGG
GGTA
GAGCGA
GGTTTC
TGTGA
TA
TGTTT
GTT
CAA
TATA
GAATT
GGTAAAG
AATGTT
ATTG
TCCG
AGTGC
TCTTTT
GTAA
TTAG
AGCA
TGTCG
CTAG
GGT
A
TTGGGT
TTTAG
GCAAT
GGCA
TTGGA
GCAT
AGC
AAT
TG
AT
GAGGAG
GTGTGG
TGT
GGG
CGGGA
GCGTG

AAC
GA
TGACTAG
TTCAT
ACATT
GAGT
TATAA
ATAA
TCA

GG
AGGA
CTGG
GTATG
T
TTCGG
GT
TGG
CAAAG
AT
AGGGT
AACT
ATTACTATT
TTC
GGAGTA
CTAGAA
GAT

AAC
GCT
GAGGTT
TGCGCGC
TGGGAG
TGAGTT
ACAG
CAG
CCGT
AGG
GTGGTTAA
CC
G
CAA
GAA
GAAGG
GAAGA
TTAA
G
GACT
G
AGA
ATTA
TG
GACTG
TGTAA
TCCAT
T
GATCGT
TGACT
TGAGGC
TTTGGA
GTTATG
TATGG
CGGA
AGTGTC
GTT
TGGAACC
ATGCCC
TTGGCCC
ATTTT
TA
TGGT
GTG
A
AAG
GTTAGG
CAG
TG
AGTGAAG
AGA
GGA
AAATTGT
A
TAG
GAGCATT
TTCTT
GGCTA
TTTGTAA
CTCTAG
TGTA
GAGAGGT
AAC
TTCG
TATG
TGAGGAG
TTG
ATCGGGC
CTGC
TA
C
TGGG
GGT
GTGT
AATAC
GGG
GGTGTA
GACTTAG
GCG
GACT
ATAAATGGT
CAAG
TGGCA
GCAAGA
TAGGTGT
ACG
CTGACGC
AAGCG

GGA
GT
GAAGCGT
TGACGA
ACGG
GAG
CGGA
GAGTT
AGAAA
AG
TGGTGT
AAAGGGG
ATAT
GCGAT
TG
TA
GAGAG
TTAGG
ATGTA
TTTTGGA
AGGGG
GACGG
ATTAGTA
GATTAT
TAGTAGT
GGGGG
C
GCGGGG
GG
AAGGC
ACGGAG
AATTG
GGAAA
AGACG
CGG
TGTA
ATAA
GG
GTTAT
CCGT
A
GTAGA
CTT
AAAA
AACT
AG
AGGA
AATTTAGA
CTGGAA
T
GTGTTT
TCGG
AGATA
GGGG
TCAT
ATCG
AGGGGA
AT
CTGAT
GAACA
TAA
TAACG
T
TCTAATT
TAC
ACGC
TATTC
GAGG
CTTG
A
TCAT
GAACAT
GTT
CTGT
T
TGGGAGT
CGATA
TTA

ATGA
CGGA
ACA
CTAGG
CTTC
TATTCCGG
G
GGCTA
TTGAG
CCG
GGTCAA
GGGGT
AGGAC
TCAATTG
GTGA
AGTGT
CT
CGTT
GGTTA
TCG
T
C
GG
TTTG
CGCAGG
AGTTGG
GTGC

GGCTCTT
GGA
CGCG
TATTTC
GAT
GAGT
GTC
GTAGA
GCTCGGA
AATGG
CCCA
CAAG
GCAGGG
G
TAAAGAG
AGG
GAGT
TTACAGT
TGAG
TAGA
AAGGAA
ACCGT
CAGAGT
TT
TCCT
TA
TTG
TCTTT
TTGGG
GAG
CG
GTAT
AGCTTGA
GTTTCGG
GTCAAAG
AAGA
TAA
AGGTTTG
AC
GT
TCTTT
AGA
AAAAATTT
GTTAGA
GATT
GCCGT
TTGTT
AGAAC
AGGT
AAGAGA
TGTA
TGG
GGAGG
CTTGTT
GAT
GAAG
TTC
GC
GAACT
AACT
GAAG
GGG
AG
AGAGA
GGTG
AGAAA
TGGCTTG
GAAGA
TTC
AAGCGAT
TAA
GG
AA
GGT
AGAAGA
GCGGG
GGTTGGA
TATAG
GGTAT
GTTT
GCAT
ATGA
CGTAG
TGTAT
AAATT
GTTT
AGTTA
TCCGG
GGGGGGA
AG
T
GGAA
GGG
TGTTG
GAAG
GCG
TTTAT
GCAG
ACG
AGGAA
GCG
GAA
GGTGA
TGG
TAGT
TTGTG
TACGC
AGA
GG
GAG
AGAGT
CTTG
TGTAA
TGGTT
GGAG
GGTGAGC
GTTGG
AGAA
TGG
GGGGG
GGC
AG
T
AATCTAGGG
GTATTG
GCAGGC
GTAGG
GGTG
CGGG
AGG
A
A
ACGA
TCC
AGGT
CTCTA
G
CCCG
CGG
AGTGA
TGTG
CGAGTC
GGTAT
ATGC
ATG
TCAGA
CAA
GCGTT
CT
GTTG
TAGG
ATTTGGA
TCA
TAAT
GATGC
AGAAGGTT
TGGG
GGTAGAT
TTGGT
TGATTG
GCGGA
AATAATG
ACAA
ATTAG
GGGGGGAG
GATA
GACAC
ATTGGC
AGTA
ACA
CACA
ATTTGT
ATGT
TA
T
GTA
CTGTTAA
GTTA
AGCTCT
GATG
GTG
TG
GCT
TAGT
ACTGA
TATAAG
TTCG
ACGG
GTGG
ATACCT
GTGGG
CAATCTC
AG
TGGT
GTTTACAG
AACAA
GAGA
GAA
GGGGAT
GCC
CGTT
GG
GACG
T
CAA
TGT
TGTTT
AGTG
AGT
GTG
GG
TGGGA
GTACG
GTCG
AGT
GG
AT
TGACGGG
TGGCT
GGATTTAA
GTG
AGTT
TTCA
TGATGA
TATG
TGTT
AGTTA
TGAGC
GGGCACCT
ATGGGA
AGTTGC
TTGT
CTACG
GCGC

GAT
GTG
ATAGA
TACCT
GGTGTG
GGA
T
GAG
AGGTG
ACAAAT
AAGG
AAGGGC
AG
GATAA
AGG
TGGTG
GG
TTAAGGG
GAGGA
GAGGTT
TATTGG
ATAGTG
TTATT
TGA
GG
GGG
AGG
GATAC
TGC
GGTA
GTTTT
GGGGCT
AT
CAA
CCGGCG
TTGGG
TGTGC
TGGG
ATATG
AAACTTA
AAG
GAGG
GTT
GC
TAG
AAGCT
TGA
AAT
TAAG
AGGTG
AGAGAT
AGTT
GAC
TGCT
ATG
GCAAAA
GGGATT
GATCG
AGAC
TTGGTG
TATT
GT
AGTTCG
GC
CAGAA
AAGAGA
GGGG
ATGG
GAGGC
TAA
CATG
AG
GCCGGG
ATTA
AACTC
TGAT
GAA
CGGA
TGA
GGAGATAA
GTA
GAACGTAT
AAGAAG
ATCGG
TCTTCT
GG
GGTGGTG
GGGA
GATATG
AAATGG
GTCTA
ATAG
ATGAGG
TTG
ATTG
TTGT
GGATCC
CTTC
GGGT
GGAAAT
GCAGC
TGTCAA
CAAG
CAGC
TGGGGAG
CTG
AAAATTCG
TGG
AAGG
TACG
AC
TGCGT
CTTGT
GCTT

TAAG
ATTG
TGTT
GATACAT
TAT
GAGT
GGTCTG
CAACCGTT
CTTTG
TTA
GGTTCATT
TAAGGG
GGA
GG
TGT
TATGAG
GGCGTA
GCGGGA
ACAG
GCT
TGAGGGA
TG
CCCG
TTTGT
ATGTT
GAA
TATT
GAAGTC
GGTAAG
AACTGT
GAG
TA
TA
TATC
TTA
ATTAA
GATG
AGCTA
TTG
CAGT
GAA
ATGAA
GAGA
TGCAG
AC
GG
GAAGGAA
GGATA
GGG
GAT
AGA
AGAATC
CG
TA
GGGTATGT
GTAACA
CTG
ACGT
TGGAT
GAGT
GC
TGGGA
GGTGA
GATG
ATAAGT
GTG
TAAGT
GG
TTTA
ATTCTTG
TTGGGCGG
GGAG
AAG
AC
TAG
GGGG
AT
GT
AATAAT
TGT
GAG
TGGGA
TTAA
AGTTAG
TTAT
TTGGG
GGT
G
T
TG
GGCA
GA
TTGT
A
CTGTGTGTG
TA
ATCGG
CCAG
GTG
TGGGTTG
AGTAA
AG
AT
ACTTG
CTT
AAGACG
GGGA
TGTAG
CAA
T
GTAGAT
ATGAAG
TGTTC
GGAGT
GTTGT
GTG
GC
CGT
GGAT
AAGCG
GGTCGA
GGCGT
GTGT
GGAAAAC
AGTG
AAA
TGAAT
T
TGTG
GAT
CAA
CTTA
GTACTGG
CG
TGGGACAT
AGTT
GA
TGGAT
GGGG
GAG
TTTTAA
GGTA
GGATG
TGAG
ATGAG
CTG
CACTAA
TGTC
AAGGG
GAAC
GTGG
ATGC
GTG

TGAT
AACT
TTT
CA
TGGACGA
TCT
AGGC
C
GAATT
GG
GGA
G
AAGCGT
AGGGGA
TC
ACTA
A
GTCA
AG
GAGGGGG
A
TTCTT
ACTT
GAG
GCT
CTGTAA
TAAAT
TTCAA
AGAT
AG
TTG
TCCTT
GATATT
T
TATAAT
GCC
GGTTCG
AAATGT
GAGGGGAA
AG
GGC
